Arguments: 
  C:\Program Files\nodejs\node.exe C:\Users\LG\AppData\Roaming\npm\node_modules\yarn\bin\yarn.js init

PATH: 
  C:\Users\LG\AppData\Roaming\SPB_Data\bin;C:\Git\mingw64\bin;C:\Git\usr\local\bin;C:\Git\usr\bin;C:\Git\usr\bin;C:\Git\mingw64\bin;C:\Git\usr\bin;C:\Users\LG\AppData\Roaming\SPB_Data\bin;C:\Program Files\Common Files\Oracle\Java\javapath;C:\Program Files (x86)\NVIDIA Corporation\PhysX\Common;C:\WINDOWS\system32;C:\WINDOWS;C:\WINDOWS\System32\Wbem;C:\WINDOWS\System32\WindowsPowerShell\v1.0;C:\WINDOWS\System32\OpenSSH;C:\MinGW\bin;C:\Users\LG\Downloads\jdk-17_windows-x64_bin\jdk-17\bin;C:\Program Files\dotnet;C:\Git\cmd;C:\Program Files\Microsoft SQL Server\Client SDK\ODBC\110\Tools\Binn;C:\Program Files (x86)\Microsoft SQL Server\120\Tools\Binn;C:\Program Files\Microsoft SQL Server\120\Tools\Binn;C:\Program Files\Microsoft SQL Server\120\DTS\Binn;C:\Program Files (x86)\Windows Kits\8.1\Windows Performance Toolkit;C:\MinGW\bin;C:\Users\LG\Desktop\apache-ant-1.10.12\bin;C:\Users\LG\Desktop\apache-ant-1.10.12\bin;C:\Program Files\nodejs;C:\Users\LG\Desktop\zip;C:\Users\LG\AppData\Local\Microsoft\WindowsApps;C:\Users\LG\AppData\Local\Microsoft\Microsoft VS Code\bin;C:\Users\LG\Desktop\SDL2_Dev\SDL2-2.0.18\i686-w64-mingw32\bin;C:\vslib\SDL2_image-2.0.5\lib\x64;C:\vslib\SDL2_ttf-2.0.15\lib\x64;C:\vslib\SDL2_mixer-2.0.4\lib\x64;C:\vslib\SDL2-2.0.18\lib\x64;C:\Users\LG\AppData\Roaming\npm;C:\Git\usr\bin\vendor_perl;C:\Git\usr\bin\core_perl

Yarn version: 
  1.22.19

Node version: 
  18.9.1

Platform: 
  win32 x64

Trace: 
  Error: Can't answer a question unless a user TTY
      at ConsoleReporter.question (C:\Users\LG\AppData\Roaming\npm\node_modules\yarn\lib\cli.js:92864:59)
      at Object.<anonymous> (C:\Users\LG\AppData\Roaming\npm\node_modules\yarn\lib\cli.js:85054:38)
      at Generator.next (<anonymous>)
      at step (C:\Users\LG\AppData\Roaming\npm\node_modules\yarn\lib\cli.js:310:30)
      at C:\Users\LG\AppData\Roaming\npm\node_modules\yarn\lib\cli.js:321:13
      at process.processTicksAndRejections (node:internal/process/task_queues:95:5)

npm manifest: 
  No manifest

yarn manifest: 
  No manifest

Lockfile: 
  # THIS IS AN AUTOGENERATED FILE. DO NOT EDIT THIS FILE DIRECTLY.
  # yarn lockfile v1
